<?xml version="1.0" encoding="UTF-8"?>
<!-- Generated by org.testng.reporters.JUnitXMLReporter -->
<testsuite hostname="SRIKJ-M-Q0BU" name="Default test" tests="3" failures="0" timestamp="18 Aug 2014 12:47:17 GMT" time="0.029" errors="0">
  <testcase name="rhombusAreaWithBaseAndAngle" time="0.014" classname="com.cisco.shapes.test.RhombusTest"/>
  <testcase name="rhombusAreaWithBaseAndHeight" time="0.0010" classname="com.cisco.shapes.test.RhombusTest"/>
  <testcase name="rhombusAreaWithDiagonals" time="0.0010" classname="com.cisco.shapes.test.RhombusTest"/>
</testsuite> <!-- Default test -->
