<?xml version="1.0" encoding="UTF-8"?>
<testng-results skipped="0" failed="0" total="3" passed="3">
  <reporter-output>
  </reporter-output>
  <suite name="Suite" duration-ms="29" started-at="2014-08-19T06:17:50Z" finished-at="2014-08-19T06:17:50Z">
    <groups>
    </groups>
    <test name="Test" duration-ms="29" started-at="2014-08-19T06:17:50Z" finished-at="2014-08-19T06:17:50Z">
      <class name="com.cisco.shapes.test.RhombusTest">
        <test-method status="PASS" signature="rhombusAreaWithBaseAndAngle()[pri:0, instance:com.cisco.shapes.test.RhombusTest@6ea4ce0d]" name="rhombusAreaWithBaseAndAngle" duration-ms="11" started-at="2014-08-19T11:47:50Z" finished-at="2014-08-19T11:47:50Z">
          <reporter-output>
          </reporter-output>
        </test-method> <!-- rhombusAreaWithBaseAndAngle -->
        <test-method status="PASS" signature="rhombusAreaWithBaseAndHeight()[pri:0, instance:com.cisco.shapes.test.RhombusTest@6ea4ce0d]" name="rhombusAreaWithBaseAndHeight" duration-ms="1" started-at="2014-08-19T11:47:50Z" finished-at="2014-08-19T11:47:50Z">
          <reporter-output>
          </reporter-output>
        </test-method> <!-- rhombusAreaWithBaseAndHeight -->
        <test-method status="PASS" signature="rhombusAreaWithDiagonals()[pri:0, instance:com.cisco.shapes.test.RhombusTest@6ea4ce0d]" name="rhombusAreaWithDiagonals" duration-ms="0" started-at="2014-08-19T11:47:50Z" finished-at="2014-08-19T11:47:50Z">
          <reporter-output>
          </reporter-output>
        </test-method> <!-- rhombusAreaWithDiagonals -->
      </class> <!-- com.cisco.shapes.test.RhombusTest -->
    </test> <!-- Test -->
  </suite> <!-- Suite -->
</testng-results>
